[0.012s] Invoking command in '/Users/swin/code/ros2/ros2_humble/build/my_cpp_package': PIXI_PROMPT=(ros2_humble) SHLVL=2 _=/usr/bin/env /Users/swin/code/ros2/ros2_humble/.pixi/envs/default/bin/cmake --build /Users/swin/code/ros2/ros2_humble/build/my_cpp_package -- -j10 -l10
[1.738s] [1/2] Building CXX object CMakeFiles/my_node.dir/src/my_node.cpp.o
[1.738s] FAILED: CMakeFiles/my_node.dir/src/my_node.cpp.o 
[1.738s] /Users/swin/code/ros2/ros2_humble/.pixi/envs/default/bin/arm64-apple-darwin20.0.0-clang++ -DDEFAULT_RMW_IMPLEMENTATION=rmw_cyclonedds_cpp -isystem /Users/swin/code/ros2/ros2_humble/.pixi/envs/default/include/rclcpp -isystem /Users/swin/code/ros2/ros2_humble/.pixi/envs/default/include/cv_bridge -isystem /Users/swin/code/ros2/ros2_humble/.pixi/envs/default/include/image_transport -isystem /Users/swin/code/ros2/ros2_humble/.pixi/envs/default/include/sensor_msgs -isystem /Users/swin/code/ros2/ros2_humble/.pixi/envs/default/include/python3.11 -isystem /Users/swin/code/ros2/ros2_humble/.pixi/envs/default/lib/python3.11/site-packages/numpy/core/include -isystem /Users/swin/code/ros2/ros2_humble/.pixi/envs/default/include/opencv4 -isystem /Users/swin/code/ros2/ros2_humble/.pixi/envs/default/include/ament_index_cpp -isystem /Users/swin/code/ros2/ros2_humble/.pixi/envs/default/include/libstatistics_collector -isystem /Users/swin/code/ros2/ros2_humble/.pixi/envs/default/include/builtin_interfaces -isystem /Users/swin/code/ros2/ros2_humble/.pixi/envs/default/include/rosidl_runtime_c -isystem /Users/swin/code/ros2/ros2_humble/.pixi/envs/default/include/rcutils -isystem /Users/swin/code/ros2/ros2_humble/.pixi/envs/default/include/rosidl_typesupport_interface -isystem /Users/swin/code/ros2/ros2_humble/.pixi/envs/default/include/rosidl_runtime_cpp -isystem /Users/swin/code/ros2/ros2_humble/.pixi/envs/default/include/rosidl_typesupport_fastrtps_cpp -isystem /Users/swin/code/ros2/ros2_humble/.pixi/envs/default/include/rmw -isystem /Users/swin/code/ros2/ros2_humble/.pixi/envs/default/include/rosidl_typesupport_fastrtps_c -isystem /Users/swin/code/ros2/ros2_humble/.pixi/envs/default/include/rosidl_typesupport_introspection_c -isystem /Users/swin/code/ros2/ros2_humble/.pixi/envs/default/include/rosidl_typesupport_introspection_cpp -isystem /Users/swin/code/ros2/ros2_humble/.pixi/envs/default/include/rcl -isystem /Users/swin/code/ros2/ros2_humble/.pixi/envs/default/include/rcl_interfaces -isystem /Users/swin/code/ros2/ros2_humble/.pixi/envs/default/include/rcl_logging_interface -isystem /Users/swin/code/ros2/ros2_humble/.pixi/envs/default/include/rcl_yaml_param_parser -isystem /Users/swin/code/ros2/ros2_humble/.pixi/envs/default/include/tracetools -isystem /Users/swin/code/ros2/ros2_humble/.pixi/envs/default/include/rcpputils -isystem /Users/swin/code/ros2/ros2_humble/.pixi/envs/default/include/statistics_msgs -isystem /Users/swin/code/ros2/ros2_humble/.pixi/envs/default/include/rosgraph_msgs -isystem /Users/swin/code/ros2/ros2_humble/.pixi/envs/default/include/rosidl_typesupport_cpp -isystem /Users/swin/code/ros2/ros2_humble/.pixi/envs/default/include/rosidl_typesupport_c -isystem /Users/swin/code/ros2/ros2_humble/.pixi/envs/default/include/geometry_msgs -isystem /Users/swin/code/ros2/ros2_humble/.pixi/envs/default/include/std_msgs -isystem /Users/swin/code/ros2/ros2_humble/.pixi/envs/default/include/message_filters -ftree-vectorize -fPIC -fstack-protector-strong -O2 -pipe -stdlib=libc++ -fvisibility-inlines-hidden -fmessage-length=0 -isystem /Users/swin/code/ros2/ros2_humble/.pixi/envs/default/include -arch arm64 -isysroot /Library/Developer/CommandLineTools/SDKs/MacOSX.sdk -MD -MT CMakeFiles/my_node.dir/src/my_node.cpp.o -MF CMakeFiles/my_node.dir/src/my_node.cpp.o.d -o CMakeFiles/my_node.dir/src/my_node.cpp.o -c /Users/swin/code/ros2/ros2_humble/src/my_cpp_package/src/my_node.cpp
[1.738s] /Users/swin/code/ros2/ros2_humble/src/my_cpp_package/src/my_node.cpp:43:13: error: redefinition of 'f_x'
[1.738s]    43 |       float f_x = (6.4f * 720.0f) / 7.2f;
[1.738s]       |             ^
[1.738s] /Users/swin/code/ros2/ros2_humble/src/my_cpp_package/src/my_node.cpp:42:13: note: previous definition is here
[1.738s]    42 |       float f_x = (6.4f * 1280.0f) / 9.6f;
[1.738s]       |             ^
[1.738s] /Users/swin/code/ros2/ros2_humble/src/my_cpp_package/src/my_node.cpp:45:32: error: expected ';' at end of declaration
[1.738s]    45 |       float c_y = 720.0f / 2.0f
[1.738s]       |                                ^
[1.738s]       |                                ;
[1.738s] /Users/swin/code/ros2/ros2_humble/src/my_cpp_package/src/my_node.cpp:57:16: error: use of undeclared identifier 'f_y'
[1.738s]    57 |           0.0, f_y, c_y, 0.0,
[1.738s]       |                ^
[1.739s] /Users/swin/code/ros2/ros2_humble/src/my_cpp_package/src/my_node.cpp:60:19: error: no matching member function for call to 'publish'
[1.739s]    60 |       publisher_->publish(message);
[1.739s]       |       ~~~~~~~~~~~~^~~~~~~
[1.739s] /Users/swin/code/ros2/ros2_humble/.pixi/envs/default/include/rclcpp/rclcpp/publisher.hpp:383:3: note: candidate function not viable: no known conversion from 'sensor_msgs::msg::CameraInfo' (aka 'CameraInfo_<std::allocator<void>>') to 'const rcl_serialized_message_t' (aka 'const rcutils_uint8_array_s') for 1st argument
[1.739s]   383 |   publish(const rcl_serialized_message_t & serialized_msg)
[1.739s]       |   ^       ~~~~~~~~~~~~~~~~~~~~~~~~~~~~~~~~~~~~~~~~~~~~~~~
[1.739s] /Users/swin/code/ros2/ros2_humble/.pixi/envs/default/include/rclcpp/rclcpp/publisher.hpp:389:3: note: candidate function not viable: no known conversion from 'sensor_msgs::msg::CameraInfo' (aka 'CameraInfo_<std::allocator<void>>') to 'const SerializedMessage' for 1st argument
[1.739s]   389 |   publish(const SerializedMessage & serialized_msg)
[1.739s]       |   ^       ~~~~~~~~~~~~~~~~~~~~~~~~~~~~~~~~~~~~~~~~
[1.739s] /Users/swin/code/ros2/ros2_humble/.pixi/envs/default/include/rclcpp/rclcpp/publisher.hpp:403:3: note: candidate function not viable: no known conversion from 'sensor_msgs::msg::CameraInfo' (aka 'CameraInfo_<std::allocator<void>>') to 'rclcpp::LoanedMessage<ROSMessageType, allocator<void>>' (aka 'LoanedMessage<sensor_msgs::msg::Image_<std::allocator<void>>, std::allocator<void>>') for 1st argument
[1.739s]   403 |   publish(rclcpp::LoanedMessage<ROSMessageType, AllocatorT> && loaned_msg)
[1.739s]       |   ^       ~~~~~~~~~~~~~~~~~~~~~~~~~~~~~~~~~~~~~~~~~~~~~~~~~~~~~~~~~~~~~~~
[1.739s] /Users/swin/code/ros2/ros2_humble/.pixi/envs/default/include/rclcpp/rclcpp/publisher.hpp:251:3: note: candidate template ignored: could not match 'unique_ptr' against 'CameraInfo_'
[1.739s]   251 |   publish(std::unique_ptr<T, ROSMessageTypeDeleter> msg)
[1.739s]       |   ^
[1.739s] /Users/swin/code/ros2/ros2_humble/.pixi/envs/default/include/rclcpp/rclcpp/publisher.hpp:292:3: note: candidate template ignored: requirement 'std::is_same<sensor_msgs::msg::CameraInfo_<std::allocator<void>>, sensor_msgs::msg::Image_<std::allocator<void>>>::value' was not satisfied [with T = sensor_msgs::msg::CameraInfo]
[1.739s]   292 |   publish(const T & msg)
[1.739s]       |   ^
[1.739s] /Users/swin/code/ros2/ros2_humble/.pixi/envs/default/include/rclcpp/rclcpp/publisher.hpp:322:3: note: candidate template ignored: could not match 'unique_ptr' against 'CameraInfo_'
[1.739s]   322 |   publish(std::unique_ptr<T, PublishedTypeDeleter> msg)
[1.739s]       |   ^
[1.739s] /Users/swin/code/ros2/ros2_humble/.pixi/envs/default/include/rclcpp/rclcpp/publisher.hpp:364:3: note: candidate template ignored: requirement 'rclcpp::TypeAdapter<Image_<allocator<void>>>::integral_constant<bool, false>::value' was not satisfied [with T = sensor_msgs::msg::CameraInfo]
[1.739s]   364 |   publish(const T & msg)
[1.739s]       |   ^
[1.739s] 4 errors generated.
[1.739s] ninja: build stopped: subcommand failed.
[1.740s] Invoked command in '/Users/swin/code/ros2/ros2_humble/build/my_cpp_package' returned '1': PIXI_PROMPT=(ros2_humble) SHLVL=2 _=/usr/bin/env /Users/swin/code/ros2/ros2_humble/.pixi/envs/default/bin/cmake --build /Users/swin/code/ros2/ros2_humble/build/my_cpp_package -- -j10 -l10
