[0.011s] Invoking command in '/Users/swin/code/ros2/ros2_humble/build/my_cpp_package': PIXI_PROMPT=(ros2_humble) SHLVL=3 _=/usr/bin/env /Users/swin/code/ros2/ros2_humble/.pixi/envs/default/bin/cmake --build /Users/swin/code/ros2/ros2_humble/build/my_cpp_package -- -j10 -l10
[0.879s] [1/2] Building CXX object CMakeFiles/my_node.dir/src/my_node.cpp.o
[0.879s] FAILED: CMakeFiles/my_node.dir/src/my_node.cpp.o 
[0.879s] /Users/swin/code/ros2/ros2_humble/.pixi/envs/default/bin/arm64-apple-darwin20.0.0-clang++ -DDEFAULT_RMW_IMPLEMENTATION=rmw_cyclonedds_cpp -isystem /Users/swin/code/ros2/ros2_humble/.pixi/envs/default/include/rclcpp -isystem /Users/swin/code/ros2/ros2_humble/.pixi/envs/default/include/cv_bridge -isystem /Users/swin/code/ros2/ros2_humble/.pixi/envs/default/include/image_transport -isystem /Users/swin/code/ros2/ros2_humble/.pixi/envs/default/include/sensor_msgs -isystem /Users/swin/code/ros2/ros2_humble/.pixi/envs/default/include/python3.11 -isystem /Users/swin/code/ros2/ros2_humble/.pixi/envs/default/lib/python3.11/site-packages/numpy/core/include -isystem /Users/swin/code/ros2/ros2_humble/.pixi/envs/default/include/opencv4 -isystem /Users/swin/code/ros2/ros2_humble/.pixi/envs/default/include/ament_index_cpp -isystem /Users/swin/code/ros2/ros2_humble/.pixi/envs/default/include/libstatistics_collector -isystem /Users/swin/code/ros2/ros2_humble/.pixi/envs/default/include/builtin_interfaces -isystem /Users/swin/code/ros2/ros2_humble/.pixi/envs/default/include/rosidl_runtime_c -isystem /Users/swin/code/ros2/ros2_humble/.pixi/envs/default/include/rcutils -isystem /Users/swin/code/ros2/ros2_humble/.pixi/envs/default/include/rosidl_typesupport_interface -isystem /Users/swin/code/ros2/ros2_humble/.pixi/envs/default/include/rosidl_runtime_cpp -isystem /Users/swin/code/ros2/ros2_humble/.pixi/envs/default/include/rosidl_typesupport_fastrtps_cpp -isystem /Users/swin/code/ros2/ros2_humble/.pixi/envs/default/include/rmw -isystem /Users/swin/code/ros2/ros2_humble/.pixi/envs/default/include/rosidl_typesupport_fastrtps_c -isystem /Users/swin/code/ros2/ros2_humble/.pixi/envs/default/include/rosidl_typesupport_introspection_c -isystem /Users/swin/code/ros2/ros2_humble/.pixi/envs/default/include/rosidl_typesupport_introspection_cpp -isystem /Users/swin/code/ros2/ros2_humble/.pixi/envs/default/include/rcl -isystem /Users/swin/code/ros2/ros2_humble/.pixi/envs/default/include/rcl_interfaces -isystem /Users/swin/code/ros2/ros2_humble/.pixi/envs/default/include/rcl_logging_interface -isystem /Users/swin/code/ros2/ros2_humble/.pixi/envs/default/include/rcl_yaml_param_parser -isystem /Users/swin/code/ros2/ros2_humble/.pixi/envs/default/include/tracetools -isystem /Users/swin/code/ros2/ros2_humble/.pixi/envs/default/include/rcpputils -isystem /Users/swin/code/ros2/ros2_humble/.pixi/envs/default/include/statistics_msgs -isystem /Users/swin/code/ros2/ros2_humble/.pixi/envs/default/include/rosgraph_msgs -isystem /Users/swin/code/ros2/ros2_humble/.pixi/envs/default/include/rosidl_typesupport_cpp -isystem /Users/swin/code/ros2/ros2_humble/.pixi/envs/default/include/rosidl_typesupport_c -isystem /Users/swin/code/ros2/ros2_humble/.pixi/envs/default/include/geometry_msgs -isystem /Users/swin/code/ros2/ros2_humble/.pixi/envs/default/include/std_msgs -isystem /Users/swin/code/ros2/ros2_humble/.pixi/envs/default/include/message_filters -ftree-vectorize -fPIC -fstack-protector-strong -O2 -pipe -stdlib=libc++ -fvisibility-inlines-hidden -fmessage-length=0 -isystem /Users/swin/code/ros2/ros2_humble/.pixi/envs/default/include -arch arm64 -isysroot /Library/Developer/CommandLineTools/SDKs/MacOSX.sdk -MD -MT CMakeFiles/my_node.dir/src/my_node.cpp.o -MF CMakeFiles/my_node.dir/src/my_node.cpp.o.d -o CMakeFiles/my_node.dir/src/my_node.cpp.o -c /Users/swin/code/ros2/ros2_humble/src/my_cpp_package/src/my_node.cpp
[0.879s] /Users/swin/code/ros2/ros2_humble/src/my_cpp_package/src/my_node.cpp:11:7: error: no matching conversion for functional-style cast from 'double' to 'std::chrono::seconds' (aka 'duration<long long>')
[0.879s]    11 |       std::chrono::seconds(0.016),
[0.879s]       |       ^~~~~~~~~~~~~~~~~~~~~~~~~~~
[0.879s] /Users/swin/code/ros2/ros2_humble/.pixi/envs/default/bin/../include/c++/v1/__chrono/duration.h:160:28: note: candidate constructor (the implicit copy constructor) not viable: no known conversion from 'double' to 'const duration<long long>' for 1st argument
[0.880s]   160 | class _LIBCPP_TEMPLATE_VIS duration {
[0.880s]       |                            ^~~~~~~~
[0.880s] /Users/swin/code/ros2/ros2_humble/.pixi/envs/default/bin/../include/c++/v1/__chrono/duration.h:160:28: note: candidate constructor (the implicit move constructor) not viable: no known conversion from 'double' to 'duration<long long>' for 1st argument
[0.880s]   160 | class _LIBCPP_TEMPLATE_VIS duration {
[0.880s]       |                            ^~~~~~~~
[0.880s] /Users/swin/code/ros2/ros2_humble/.pixi/envs/default/bin/../include/c++/v1/__chrono/duration.h:210:52: note: candidate template ignored: requirement 'treat_as_floating_point<long long>::value || !treat_as_floating_point<double>::value' was not satisfied [with _Rep2 = double]
[0.880s]   210 |   _LIBCPP_HIDE_FROM_ABI _LIBCPP_CONSTEXPR explicit duration(const _Rep2& __r) : __rep_(__r) {}
[0.880s]       |                                                    ^
[0.880s] /Users/swin/code/ros2/ros2_humble/.pixi/envs/default/bin/../include/c++/v1/__chrono/duration.h:219:43: note: candidate template ignored: could not match 'duration<_Rep2, _Period2>' against 'double'
[0.880s]   219 |   _LIBCPP_HIDE_FROM_ABI _LIBCPP_CONSTEXPR duration(const duration<_Rep2, _Period2>& __d)
[0.880s]       |                                           ^
[0.880s] /Users/swin/code/ros2/ros2_humble/.pixi/envs/default/bin/../include/c++/v1/__chrono/duration.h:201:13: note: candidate constructor not viable: requires 0 arguments, but 1 was provided
[0.880s]   201 |   constexpr duration() = default;
[0.880s]       |             ^
[0.880s] /Users/swin/code/ros2/ros2_humble/src/my_cpp_package/src/my_node.cpp:13:11: error: use of undeclared identifier 'cv'
[0.880s]    13 |           cv::Mat frame(720, 1280, CV_8UC3);
[0.880s]       |           ^
[0.880s] /Users/swin/code/ros2/ros2_humble/src/my_cpp_package/src/my_node.cpp:14:49: error: expected ';' after expression
[0.880s]    14 |           fread(frame.data, 1, 1280*720*3, pipe)
[0.880s]       |                                                 ^
[0.880s]       |                                                 ;
[0.880s] /Users/swin/code/ros2/ros2_humble/src/my_cpp_package/src/my_node.cpp:14:17: error: use of undeclared identifier 'frame'
[0.880s]    14 |           fread(frame.data, 1, 1280*720*3, pipe)
[0.880s]       |                 ^
[0.880s] /Users/swin/code/ros2/ros2_humble/src/my_cpp_package/src/my_node.cpp:15:11: error: use of undeclared identifier 'cv'
[0.880s]    15 |           cv::imshow("RTMP Stream", frame);
[0.880s]       |           ^
[0.880s] /Users/swin/code/ros2/ros2_humble/src/my_cpp_package/src/my_node.cpp:15:37: error: use of undeclared identifier 'frame'; did you mean 'free'?
[0.880s]    15 |           cv::imshow("RTMP Stream", frame);
[0.880s]       |                                     ^~~~~
[0.880s]       |                                     free
[0.880s] /Library/Developer/CommandLineTools/SDKs/MacOSX.sdk/usr/include/malloc/_malloc.h:56:7: note: 'free' declared here
[0.880s]    56 | void  free(void * __unsafe_indexable);
[0.880s]       |       ^
[0.880s] /Users/swin/code/ros2/ros2_humble/src/my_cpp_package/src/my_node.cpp:16:11: error: use of undeclared identifier 'cv'
[0.880s]    16 |           cv::waitKey(1);
[0.880s]       |           ^
[0.880s] 7 errors generated.
[0.880s] ninja: build stopped: subcommand failed.
[0.881s] Invoked command in '/Users/swin/code/ros2/ros2_humble/build/my_cpp_package' returned '1': PIXI_PROMPT=(ros2_humble) SHLVL=3 _=/usr/bin/env /Users/swin/code/ros2/ros2_humble/.pixi/envs/default/bin/cmake --build /Users/swin/code/ros2/ros2_humble/build/my_cpp_package -- -j10 -l10
